[01/13 23:30:48][INFO] main.py:   26: CfgNode({'NUM_GPUS': 1, 'RNG_SEED': 54, 'OUTPUT_DIR': './log_MMR_AeBAD_S_54', 'DATASET': CfgNode({'name': 'aebad_S', 'subdatasets': ['AeBAD_S'], 'resize': 256, 'imagesize': 224, 'domain_shift_category': 'same'}), 'TRAIN': CfgNode({'enable': True, 'save_model': False, 'method': 'MMR', 'backbone': 'wideresnet50', 'dataset_path': '/home/rvce/Downloads/aircraft/AeBAD', 'MMR': CfgNode({'DA_low_limit': 0.7, 'DA_up_limit': 1.0, 'layers_to_extract_from': ['layer1', 'layer2', 'layer3'], 'feature_compression': False, 'scale_factors': (4.0, 2.0, 1.0), 'FPN_output_dim': (256, 512, 1024), 'load_pretrain_model': True, 'model_chkpt': '/home/rvce/Downloads/aircraft/mae_visualize_vit_base.pth', 'finetune_mask_ratio': 0.4, 'test_mask_ratio': 0.0})}), 'TRAIN_SETUPS': CfgNode({'batch_size': 16, 'num_workers': 8, 'learning_rate': 0.001, 'epochs': 200, 'weight_decay': 0.05, 'warmup_epochs': 50}), 'TEST': CfgNode({'enable': False, 'method': 'MMR', 'save_segmentation_images': True, 'save_video_segmentation_images': False, 'dataset_path': '/home/rvce/Downloads/aircraft/AeBAD', 'VISUALIZE': CfgNode({'Random_sample': True, 'Sample_num': 40}), 'pixel_mode_verify': True}), 'TEST_SETUPS': CfgNode({'batch_size': 32})})
[01/13 23:30:48][INFO] main.py:   27: path_to_config is method_config/AeBAD_S/MMR.yaml
[01/13 23:30:48][INFO] main.py:   31: start training!
[01/13 23:30:48][INFO] train.py:   43: load dataset!
[01/13 23:30:48][INFO] train.py:   71: current individual_dataloader is aebad_S_AeBAD_S.
[01/13 23:30:48][INFO] train.py:   72: the data in current individual_dataloader aebad_S_AeBAD_S are 521.
[01/13 23:30:55][INFO] train.py:   89: train the decoder FPN of MMR from scratch!
[01/13 23:30:55][INFO] train.py:   92: MAE load meg: _IncompatibleKeys(missing_keys=['decoder_FPN_mask_token', 'decoder_FPN_pos_embed', 'simfp_2.0.weight', 'simfp_2.0.bias', 'simfp_2.1.weight', 'simfp_2.1.bias', 'simfp_2.3.weight', 'simfp_2.3.bias', 'simfp_2.4.weight', 'simfp_2.4.norm.weight', 'simfp_2.4.norm.bias', 'simfp_2.5.weight', 'simfp_2.5.norm.weight', 'simfp_2.5.norm.bias', 'simfp_3.0.weight', 'simfp_3.0.bias', 'simfp_3.1.weight', 'simfp_3.1.norm.weight', 'simfp_3.1.norm.bias', 'simfp_3.2.weight', 'simfp_3.2.norm.weight', 'simfp_3.2.norm.bias', 'simfp_4.0.weight', 'simfp_4.0.norm.weight', 'simfp_4.0.norm.bias', 'simfp_4.1.weight', 'simfp_4.1.norm.weight', 'simfp_4.1.norm.bias'], unexpected_keys=[])
[01/13 23:31:18][INFO] MMR_pipeline.py:   72: epoch [1/200], loss:3.0125
[01/13 23:31:42][INFO] MMR_pipeline.py:   72: epoch [2/200], loss:2.0445
[01/13 23:32:04][INFO] MMR_pipeline.py:   72: epoch [3/200], loss:1.4564
[01/13 23:32:27][INFO] MMR_pipeline.py:   72: epoch [4/200], loss:1.3426
[01/13 23:32:52][INFO] MMR_pipeline.py:   72: epoch [5/200], loss:1.2527
[01/13 23:33:17][INFO] MMR_pipeline.py:   72: epoch [6/200], loss:1.1756
[01/13 23:33:41][INFO] MMR_pipeline.py:   72: epoch [7/200], loss:1.1181
[01/13 23:34:04][INFO] MMR_pipeline.py:   72: epoch [8/200], loss:1.0704
[01/13 23:34:29][INFO] MMR_pipeline.py:   72: epoch [9/200], loss:1.0285
[01/13 23:34:51][INFO] MMR_pipeline.py:   72: epoch [10/200], loss:0.9921
[01/13 23:35:15][INFO] MMR_pipeline.py:   72: epoch [11/200], loss:0.9593
[01/13 23:35:38][INFO] MMR_pipeline.py:   72: epoch [12/200], loss:0.9264
[01/13 23:36:03][INFO] MMR_pipeline.py:   72: epoch [13/200], loss:0.8939
[01/13 23:36:25][INFO] MMR_pipeline.py:   72: epoch [14/200], loss:0.8627
[01/13 23:36:49][INFO] MMR_pipeline.py:   72: epoch [15/200], loss:0.8308
[01/13 23:37:14][INFO] MMR_pipeline.py:   72: epoch [16/200], loss:0.8001
[01/13 23:37:38][INFO] MMR_pipeline.py:   72: epoch [17/200], loss:0.7698
[01/13 23:38:04][INFO] MMR_pipeline.py:   72: epoch [18/200], loss:0.7390
[01/13 23:38:29][INFO] MMR_pipeline.py:   72: epoch [19/200], loss:0.7082
[01/13 23:38:54][INFO] MMR_pipeline.py:   72: epoch [20/200], loss:0.6795
[01/13 23:39:20][INFO] MMR_pipeline.py:   72: epoch [21/200], loss:0.6485
[01/13 23:39:43][INFO] MMR_pipeline.py:   72: epoch [22/200], loss:0.6189
[01/13 23:40:08][INFO] MMR_pipeline.py:   72: epoch [23/200], loss:0.5897
[01/13 23:40:31][INFO] MMR_pipeline.py:   72: epoch [24/200], loss:0.5600
[01/13 23:40:54][INFO] MMR_pipeline.py:   72: epoch [25/200], loss:0.5318
[01/13 23:41:16][INFO] MMR_pipeline.py:   72: epoch [26/200], loss:0.5061
[01/13 23:41:40][INFO] MMR_pipeline.py:   72: epoch [27/200], loss:0.4784
[01/13 23:42:05][INFO] MMR_pipeline.py:   72: epoch [28/200], loss:0.4511
[01/13 23:42:28][INFO] MMR_pipeline.py:   72: epoch [29/200], loss:0.4273
[01/13 23:42:52][INFO] MMR_pipeline.py:   72: epoch [30/200], loss:0.4048
[01/13 23:43:16][INFO] MMR_pipeline.py:   72: epoch [31/200], loss:0.3811
[01/13 23:43:41][INFO] MMR_pipeline.py:   72: epoch [32/200], loss:0.3614
[01/13 23:44:06][INFO] MMR_pipeline.py:   72: epoch [33/200], loss:0.3410
[01/13 23:44:30][INFO] MMR_pipeline.py:   72: epoch [34/200], loss:0.3238
[01/13 23:44:53][INFO] MMR_pipeline.py:   72: epoch [35/200], loss:0.3074
[01/13 23:45:18][INFO] MMR_pipeline.py:   72: epoch [36/200], loss:0.2934
[01/13 23:45:42][INFO] MMR_pipeline.py:   72: epoch [37/200], loss:0.2808
[01/13 23:46:06][INFO] MMR_pipeline.py:   72: epoch [38/200], loss:0.2710
[01/13 23:46:31][INFO] MMR_pipeline.py:   72: epoch [39/200], loss:0.2621
[01/13 23:46:57][INFO] MMR_pipeline.py:   72: epoch [40/200], loss:0.2559
[01/13 23:47:20][INFO] MMR_pipeline.py:   72: epoch [41/200], loss:0.2509
[01/13 23:47:45][INFO] MMR_pipeline.py:   72: epoch [42/200], loss:0.2467
[01/13 23:48:09][INFO] MMR_pipeline.py:   72: epoch [43/200], loss:0.2442
[01/13 23:48:32][INFO] MMR_pipeline.py:   72: epoch [44/200], loss:0.2412
[01/13 23:48:57][INFO] MMR_pipeline.py:   72: epoch [45/200], loss:0.2406
[01/13 23:49:22][INFO] MMR_pipeline.py:   72: epoch [46/200], loss:0.2390
[01/13 23:49:46][INFO] MMR_pipeline.py:   72: epoch [47/200], loss:0.2386
[01/13 23:50:11][INFO] MMR_pipeline.py:   72: epoch [48/200], loss:0.2384
[01/13 23:50:35][INFO] MMR_pipeline.py:   72: epoch [49/200], loss:0.2367
[01/13 23:50:35][INFO] MMR_pipeline.py:   45: current lr is 0.00098
[01/13 23:51:00][INFO] MMR_pipeline.py:   72: epoch [50/200], loss:0.2357
[01/13 23:51:23][INFO] MMR_pipeline.py:   72: epoch [51/200], loss:0.2371
[01/13 23:51:46][INFO] MMR_pipeline.py:   72: epoch [52/200], loss:0.2341
[01/13 23:52:10][INFO] MMR_pipeline.py:   72: epoch [53/200], loss:0.2332
[01/13 23:52:34][INFO] MMR_pipeline.py:   72: epoch [54/200], loss:0.2324
[01/13 23:52:58][INFO] MMR_pipeline.py:   72: epoch [55/200], loss:0.2302
[01/13 23:53:24][INFO] MMR_pipeline.py:   72: epoch [56/200], loss:0.2314
[01/13 23:53:48][INFO] MMR_pipeline.py:   72: epoch [57/200], loss:0.2281
[01/13 23:54:12][INFO] MMR_pipeline.py:   72: epoch [58/200], loss:0.2274
[01/13 23:54:36][INFO] MMR_pipeline.py:   72: epoch [59/200], loss:0.2264
[01/13 23:54:59][INFO] MMR_pipeline.py:   72: epoch [60/200], loss:0.2262
[01/13 23:55:24][INFO] MMR_pipeline.py:   72: epoch [61/200], loss:0.2242
[01/13 23:55:48][INFO] MMR_pipeline.py:   72: epoch [62/200], loss:0.2243
[01/13 23:56:11][INFO] MMR_pipeline.py:   72: epoch [63/200], loss:0.2223
[01/13 23:56:35][INFO] MMR_pipeline.py:   72: epoch [64/200], loss:0.2217
[01/13 23:56:58][INFO] MMR_pipeline.py:   72: epoch [65/200], loss:0.2210
[01/13 23:57:22][INFO] MMR_pipeline.py:   72: epoch [66/200], loss:0.2208
[01/13 23:57:47][INFO] MMR_pipeline.py:   72: epoch [67/200], loss:0.2192
[01/13 23:58:12][INFO] MMR_pipeline.py:   72: epoch [68/200], loss:0.2185
[01/13 23:58:36][INFO] MMR_pipeline.py:   72: epoch [69/200], loss:0.2183
[01/13 23:58:59][INFO] MMR_pipeline.py:   72: epoch [70/200], loss:0.2193
[01/13 23:59:23][INFO] MMR_pipeline.py:   72: epoch [71/200], loss:0.2177
[01/13 23:59:48][INFO] MMR_pipeline.py:   72: epoch [72/200], loss:0.2165
[01/14 00:00:12][INFO] MMR_pipeline.py:   72: epoch [73/200], loss:0.2161
[01/14 00:00:36][INFO] MMR_pipeline.py:   72: epoch [74/200], loss:0.2155
[01/14 00:01:00][INFO] MMR_pipeline.py:   72: epoch [75/200], loss:0.2143
[01/14 00:01:24][INFO] MMR_pipeline.py:   72: epoch [76/200], loss:0.2151
[01/14 00:01:48][INFO] MMR_pipeline.py:   72: epoch [77/200], loss:0.2136
[01/14 00:02:12][INFO] MMR_pipeline.py:   72: epoch [78/200], loss:0.2139
[01/14 00:02:37][INFO] MMR_pipeline.py:   72: epoch [79/200], loss:0.2123
[01/14 00:03:00][INFO] MMR_pipeline.py:   72: epoch [80/200], loss:0.2116
[01/14 00:03:24][INFO] MMR_pipeline.py:   72: epoch [81/200], loss:0.2122
[01/14 00:03:43][INFO] MMR_pipeline.py:   72: epoch [82/200], loss:0.2105
[01/14 00:04:03][INFO] MMR_pipeline.py:   72: epoch [83/200], loss:0.2105
[01/14 00:04:26][INFO] MMR_pipeline.py:   72: epoch [84/200], loss:0.2102
[01/14 00:04:49][INFO] MMR_pipeline.py:   72: epoch [85/200], loss:0.2106
[01/14 00:05:13][INFO] MMR_pipeline.py:   72: epoch [86/200], loss:0.2093
[01/14 00:05:38][INFO] MMR_pipeline.py:   72: epoch [87/200], loss:0.2084
[01/14 00:06:04][INFO] MMR_pipeline.py:   72: epoch [88/200], loss:0.2078
[01/14 00:06:28][INFO] MMR_pipeline.py:   72: epoch [89/200], loss:0.2075
[01/14 00:06:52][INFO] MMR_pipeline.py:   72: epoch [90/200], loss:0.2076
[01/14 00:07:16][INFO] MMR_pipeline.py:   72: epoch [91/200], loss:0.2075
[01/14 00:07:39][INFO] MMR_pipeline.py:   72: epoch [92/200], loss:0.2067
[01/14 00:08:03][INFO] MMR_pipeline.py:   72: epoch [93/200], loss:0.2056
[01/14 00:08:26][INFO] MMR_pipeline.py:   72: epoch [94/200], loss:0.2064
[01/14 00:08:50][INFO] MMR_pipeline.py:   72: epoch [95/200], loss:0.2049
[01/14 00:09:14][INFO] MMR_pipeline.py:   72: epoch [96/200], loss:0.2046
[01/14 00:09:38][INFO] MMR_pipeline.py:   72: epoch [97/200], loss:0.2040
[01/14 00:10:03][INFO] MMR_pipeline.py:   72: epoch [98/200], loss:0.2049
[01/14 00:10:27][INFO] MMR_pipeline.py:   72: epoch [99/200], loss:0.2038
[01/14 00:10:27][INFO] MMR_pipeline.py:   45: current lr is 0.00100
[01/14 00:10:52][INFO] MMR_pipeline.py:   72: epoch [100/200], loss:0.2039
[01/14 00:11:15][INFO] MMR_pipeline.py:   72: epoch [101/200], loss:0.2032
[01/14 00:11:39][INFO] MMR_pipeline.py:   72: epoch [102/200], loss:0.2024
[01/14 00:12:03][INFO] MMR_pipeline.py:   72: epoch [103/200], loss:0.2028
[01/14 00:12:29][INFO] MMR_pipeline.py:   72: epoch [104/200], loss:0.2023
[01/14 00:12:52][INFO] MMR_pipeline.py:   72: epoch [105/200], loss:0.2015
[01/14 00:13:16][INFO] MMR_pipeline.py:   72: epoch [106/200], loss:0.2014
[01/14 00:13:41][INFO] MMR_pipeline.py:   72: epoch [107/200], loss:0.2009
[01/14 00:14:05][INFO] MMR_pipeline.py:   72: epoch [108/200], loss:0.2008
[01/14 00:14:30][INFO] MMR_pipeline.py:   72: epoch [109/200], loss:0.2003
[01/14 00:14:54][INFO] MMR_pipeline.py:   72: epoch [110/200], loss:0.2004
[01/14 00:15:17][INFO] MMR_pipeline.py:   72: epoch [111/200], loss:0.1996
[01/14 00:15:42][INFO] MMR_pipeline.py:   72: epoch [112/200], loss:0.1988
[01/14 00:16:06][INFO] MMR_pipeline.py:   72: epoch [113/200], loss:0.1996
[01/14 00:16:30][INFO] MMR_pipeline.py:   72: epoch [114/200], loss:0.1986
[01/14 00:16:55][INFO] MMR_pipeline.py:   72: epoch [115/200], loss:0.1985
[01/14 00:17:19][INFO] MMR_pipeline.py:   72: epoch [116/200], loss:0.1988
[01/14 00:17:42][INFO] MMR_pipeline.py:   72: epoch [117/200], loss:0.1982
[01/14 00:18:08][INFO] MMR_pipeline.py:   72: epoch [118/200], loss:0.1971
[01/14 00:18:31][INFO] MMR_pipeline.py:   72: epoch [119/200], loss:0.1977
[01/14 00:18:54][INFO] MMR_pipeline.py:   72: epoch [120/200], loss:0.1927
[01/14 00:19:17][INFO] MMR_pipeline.py:   72: epoch [121/200], loss:0.1896
[01/14 00:19:41][INFO] MMR_pipeline.py:   72: epoch [122/200], loss:0.1879
[01/14 00:20:06][INFO] MMR_pipeline.py:   72: epoch [123/200], loss:0.1874
[01/14 00:20:30][INFO] MMR_pipeline.py:   72: epoch [124/200], loss:0.1858
[01/14 00:20:54][INFO] MMR_pipeline.py:   72: epoch [125/200], loss:0.1863
[01/14 00:21:18][INFO] MMR_pipeline.py:   72: epoch [126/200], loss:0.1852
[01/14 00:21:44][INFO] MMR_pipeline.py:   72: epoch [127/200], loss:0.1848
[01/14 00:22:08][INFO] MMR_pipeline.py:   72: epoch [128/200], loss:0.1849
[01/14 00:22:31][INFO] MMR_pipeline.py:   72: epoch [129/200], loss:0.1846
[01/14 00:22:54][INFO] MMR_pipeline.py:   72: epoch [130/200], loss:0.1853
[01/14 00:23:18][INFO] MMR_pipeline.py:   72: epoch [131/200], loss:0.1837
[01/14 00:23:42][INFO] MMR_pipeline.py:   72: epoch [132/200], loss:0.1839
[01/14 00:24:05][INFO] MMR_pipeline.py:   72: epoch [133/200], loss:0.1837
[01/14 00:24:29][INFO] MMR_pipeline.py:   72: epoch [134/200], loss:0.1834
[01/14 00:24:53][INFO] MMR_pipeline.py:   72: epoch [135/200], loss:0.1844
[01/14 00:25:17][INFO] MMR_pipeline.py:   72: epoch [136/200], loss:0.1840
[01/14 00:25:41][INFO] MMR_pipeline.py:   72: epoch [137/200], loss:0.1827
[01/14 00:26:04][INFO] MMR_pipeline.py:   72: epoch [138/200], loss:0.1835
[01/14 00:26:28][INFO] MMR_pipeline.py:   72: epoch [139/200], loss:0.1829
[01/14 00:26:52][INFO] MMR_pipeline.py:   72: epoch [140/200], loss:0.1831
[01/14 00:27:17][INFO] MMR_pipeline.py:   72: epoch [141/200], loss:0.1827
[01/14 00:27:41][INFO] MMR_pipeline.py:   72: epoch [142/200], loss:0.1825
[01/14 00:28:06][INFO] MMR_pipeline.py:   72: epoch [143/200], loss:0.1821
[01/14 00:28:31][INFO] MMR_pipeline.py:   72: epoch [144/200], loss:0.1822
[01/14 00:28:52][INFO] MMR_pipeline.py:   72: epoch [145/200], loss:0.1822
[01/14 00:29:17][INFO] MMR_pipeline.py:   72: epoch [146/200], loss:0.1823
[01/14 00:29:40][INFO] MMR_pipeline.py:   72: epoch [147/200], loss:0.1815
[01/14 00:30:04][INFO] MMR_pipeline.py:   72: epoch [148/200], loss:0.1826
[01/14 00:30:29][INFO] MMR_pipeline.py:   72: epoch [149/200], loss:0.1815
[01/14 00:30:29][INFO] MMR_pipeline.py:   45: current lr is 0.00010
[01/14 00:30:53][INFO] MMR_pipeline.py:   72: epoch [150/200], loss:0.1816
[01/14 00:31:16][INFO] MMR_pipeline.py:   72: epoch [151/200], loss:0.1819
[01/14 00:31:41][INFO] MMR_pipeline.py:   72: epoch [152/200], loss:0.1816
[01/14 00:32:05][INFO] MMR_pipeline.py:   72: epoch [153/200], loss:0.1815
[01/14 00:32:30][INFO] MMR_pipeline.py:   72: epoch [154/200], loss:0.1819
[01/14 00:32:55][INFO] MMR_pipeline.py:   72: epoch [155/200], loss:0.1811
[01/14 00:33:19][INFO] MMR_pipeline.py:   72: epoch [156/200], loss:0.1811
[01/14 00:33:43][INFO] MMR_pipeline.py:   72: epoch [157/200], loss:0.1811
[01/14 00:34:08][INFO] MMR_pipeline.py:   72: epoch [158/200], loss:0.1809
[01/14 00:34:33][INFO] MMR_pipeline.py:   72: epoch [159/200], loss:0.1811
[01/14 00:34:58][INFO] MMR_pipeline.py:   72: epoch [160/200], loss:0.1802
[01/14 00:35:23][INFO] MMR_pipeline.py:   72: epoch [161/200], loss:0.1801
[01/14 00:35:48][INFO] MMR_pipeline.py:   72: epoch [162/200], loss:0.1804
[01/14 00:36:12][INFO] MMR_pipeline.py:   72: epoch [163/200], loss:0.1806
[01/14 00:36:38][INFO] MMR_pipeline.py:   72: epoch [164/200], loss:0.1810
[01/14 00:37:01][INFO] MMR_pipeline.py:   72: epoch [165/200], loss:0.1795
[01/14 00:37:22][INFO] MMR_pipeline.py:   72: epoch [166/200], loss:0.1801
[01/14 00:37:43][INFO] MMR_pipeline.py:   72: epoch [167/200], loss:0.1801
[01/14 00:38:04][INFO] MMR_pipeline.py:   72: epoch [168/200], loss:0.1803
[01/14 00:38:26][INFO] MMR_pipeline.py:   72: epoch [169/200], loss:0.1800
[01/14 00:38:46][INFO] MMR_pipeline.py:   72: epoch [170/200], loss:0.1796
[01/14 00:39:07][INFO] MMR_pipeline.py:   72: epoch [171/200], loss:0.1803
[01/14 00:39:30][INFO] MMR_pipeline.py:   72: epoch [172/200], loss:0.1799
[01/14 00:39:52][INFO] MMR_pipeline.py:   72: epoch [173/200], loss:0.1803
[01/14 00:40:14][INFO] MMR_pipeline.py:   72: epoch [174/200], loss:0.1799
[01/14 00:40:34][INFO] MMR_pipeline.py:   72: epoch [175/200], loss:0.1793
[01/14 00:40:55][INFO] MMR_pipeline.py:   72: epoch [176/200], loss:0.1794
[01/14 00:41:19][INFO] MMR_pipeline.py:   72: epoch [177/200], loss:0.1797
[01/14 00:41:40][INFO] MMR_pipeline.py:   72: epoch [178/200], loss:0.1796
[01/14 00:42:01][INFO] MMR_pipeline.py:   72: epoch [179/200], loss:0.1800
[01/14 00:42:21][INFO] MMR_pipeline.py:   72: epoch [180/200], loss:0.1795
[01/14 00:42:44][INFO] MMR_pipeline.py:   72: epoch [181/200], loss:0.1795
[01/14 00:43:06][INFO] MMR_pipeline.py:   72: epoch [182/200], loss:0.1795
[01/14 00:43:29][INFO] MMR_pipeline.py:   72: epoch [183/200], loss:0.1792
[01/14 00:43:56][INFO] MMR_pipeline.py:   72: epoch [184/200], loss:0.1788
[01/14 00:44:22][INFO] MMR_pipeline.py:   72: epoch [185/200], loss:0.1792
[01/14 00:44:49][INFO] MMR_pipeline.py:   72: epoch [186/200], loss:0.1793
[01/14 00:45:15][INFO] MMR_pipeline.py:   72: epoch [187/200], loss:0.1795
[01/14 00:45:40][INFO] MMR_pipeline.py:   72: epoch [188/200], loss:0.1796
[01/14 00:46:04][INFO] MMR_pipeline.py:   72: epoch [189/200], loss:0.1798
[01/14 00:46:29][INFO] MMR_pipeline.py:   72: epoch [190/200], loss:0.1794
[01/14 00:46:52][INFO] MMR_pipeline.py:   72: epoch [191/200], loss:0.1793
[01/14 00:47:17][INFO] MMR_pipeline.py:   72: epoch [192/200], loss:0.1800
[01/14 00:47:40][INFO] MMR_pipeline.py:   72: epoch [193/200], loss:0.1798
[01/14 00:48:06][INFO] MMR_pipeline.py:   72: epoch [194/200], loss:0.1794
[01/14 00:48:32][INFO] MMR_pipeline.py:   72: epoch [195/200], loss:0.1801
[01/14 00:48:58][INFO] MMR_pipeline.py:   72: epoch [196/200], loss:0.1792
[01/14 00:49:24][INFO] MMR_pipeline.py:   72: epoch [197/200], loss:0.1796
[01/14 00:49:50][INFO] MMR_pipeline.py:   72: epoch [198/200], loss:0.1793
[01/14 00:50:16][INFO] MMR_pipeline.py:   72: epoch [199/200], loss:0.1792
[01/14 00:50:16][INFO] MMR_pipeline.py:   45: current lr is 0.00001
[01/14 00:50:40][INFO] MMR_pipeline.py:   72: epoch [200/200], loss:0.1790
[01/14 00:50:40][INFO] train.py:  120: current domain shift mode is same!
[01/14 00:50:40][INFO] train.py:  125: current test individual_dataloader is aebad_S_AeBAD_S.
[01/14 00:50:40][INFO] train.py:  126: the test data in current individual_dataloader aebad_S_AeBAD_S are 689.
[01/14 00:50:40][INFO] train.py:  128: Computing evaluation metrics.
