[01/14 12:07:57][INFO] main.py:   26: CfgNode({'NUM_GPUS': 1, 'RNG_SEED': 54, 'OUTPUT_DIR': './log_MMR_AeBAD_S_54', 'SAVE_DIR': './checkpoints', 'DATASET': CfgNode({'name': 'aebad_S', 'subdatasets': ['AeBAD_S'], 'resize': 256, 'imagesize': 224, 'domain_shift_category': 'same'}), 'TRAIN': CfgNode({'enable': True, 'save_model': True, 'method': 'MMR', 'backbone': 'wideresnet50', 'dataset_path': '/home/rvce/Downloads/aircraft/AeBAD', 'MMR': CfgNode({'DA_low_limit': 0.7, 'DA_up_limit': 1.0, 'layers_to_extract_from': ['layer1', 'layer2', 'layer3'], 'feature_compression': False, 'scale_factors': (4.0, 2.0, 1.0), 'FPN_output_dim': (256, 512, 1024), 'load_pretrain_model': True, 'model_chkpt': '/home/rvce/Downloads/aircraft/mae_visualize_vit_base.pth', 'finetune_mask_ratio': 0.4, 'test_mask_ratio': 0.0})}), 'TRAIN_SETUPS': CfgNode({'batch_size': 16, 'num_workers': 8, 'learning_rate': 0.001, 'epochs': 200, 'weight_decay': 0.05, 'warmup_epochs': 50}), 'TEST': CfgNode({'enable': True, 'method': 'MMR', 'save_segmentation_images': True, 'save_video_segmentation_images': False, 'dataset_path': '/home/rvce/Downloads/aircraft/AeBAD', 'VISUALIZE': CfgNode({'Random_sample': True, 'Sample_num': 40}), 'pixel_mode_verify': True}), 'TEST_SETUPS': CfgNode({'batch_size': 32})})
[01/14 12:07:57][INFO] main.py:   27: path_to_config is method_config/AeBAD_S/MMR.yaml
[01/14 12:07:57][INFO] main.py:   31: start training!
[01/14 12:07:57][INFO] train.py:   45: load dataset!
[01/14 12:07:57][INFO] train.py:   73: current individual_dataloader is aebad_S_AeBAD_S.
[01/14 12:07:57][INFO] train.py:   74: the data in current individual_dataloader aebad_S_AeBAD_S are 521.
[01/14 12:08:04][INFO] train.py:   91: train the decoder FPN of MMR from scratch!
[01/14 12:08:05][INFO] train.py:   94: MAE load meg: _IncompatibleKeys(missing_keys=['decoder_FPN_mask_token', 'decoder_FPN_pos_embed', 'simfp_2.0.weight', 'simfp_2.0.bias', 'simfp_2.1.weight', 'simfp_2.1.bias', 'simfp_2.3.weight', 'simfp_2.3.bias', 'simfp_2.4.weight', 'simfp_2.4.norm.weight', 'simfp_2.4.norm.bias', 'simfp_2.5.weight', 'simfp_2.5.norm.weight', 'simfp_2.5.norm.bias', 'simfp_3.0.weight', 'simfp_3.0.bias', 'simfp_3.1.weight', 'simfp_3.1.norm.weight', 'simfp_3.1.norm.bias', 'simfp_3.2.weight', 'simfp_3.2.norm.weight', 'simfp_3.2.norm.bias', 'simfp_4.0.weight', 'simfp_4.0.norm.weight', 'simfp_4.0.norm.bias', 'simfp_4.1.weight', 'simfp_4.1.norm.weight', 'simfp_4.1.norm.bias'], unexpected_keys=[])
[01/14 12:08:27][INFO] MMR_pipeline.py:   72: epoch [1/200], loss:3.0125
[01/14 12:08:52][INFO] MMR_pipeline.py:   72: epoch [2/200], loss:2.0445
[01/14 12:09:14][INFO] MMR_pipeline.py:   72: epoch [3/200], loss:1.4564
[01/14 12:09:39][INFO] MMR_pipeline.py:   72: epoch [4/200], loss:1.3426
[01/14 12:10:04][INFO] MMR_pipeline.py:   72: epoch [5/200], loss:1.2527
[01/14 12:10:27][INFO] MMR_pipeline.py:   72: epoch [6/200], loss:1.1756
[01/14 12:10:51][INFO] MMR_pipeline.py:   72: epoch [7/200], loss:1.1181
[01/14 12:11:16][INFO] MMR_pipeline.py:   72: epoch [8/200], loss:1.0704
[01/14 12:11:41][INFO] MMR_pipeline.py:   72: epoch [9/200], loss:1.0285
[01/14 12:12:07][INFO] MMR_pipeline.py:   72: epoch [10/200], loss:0.9921
[01/14 12:12:31][INFO] MMR_pipeline.py:   72: epoch [11/200], loss:0.9593
[01/14 12:12:56][INFO] MMR_pipeline.py:   72: epoch [12/200], loss:0.9264
[01/14 12:13:19][INFO] MMR_pipeline.py:   72: epoch [13/200], loss:0.8939
[01/14 12:13:43][INFO] MMR_pipeline.py:   72: epoch [14/200], loss:0.8627
[01/14 12:14:06][INFO] MMR_pipeline.py:   72: epoch [15/200], loss:0.8308
[01/14 12:14:30][INFO] MMR_pipeline.py:   72: epoch [16/200], loss:0.8001
[01/14 12:14:57][INFO] MMR_pipeline.py:   72: epoch [17/200], loss:0.7698
[01/14 12:15:22][INFO] MMR_pipeline.py:   72: epoch [18/200], loss:0.7391
[01/14 12:15:46][INFO] MMR_pipeline.py:   72: epoch [19/200], loss:0.7083
[01/14 12:16:11][INFO] MMR_pipeline.py:   72: epoch [20/200], loss:0.6795
[01/14 12:16:36][INFO] MMR_pipeline.py:   72: epoch [21/200], loss:0.6485
[01/14 12:17:02][INFO] MMR_pipeline.py:   72: epoch [22/200], loss:0.6190
[01/14 12:17:25][INFO] MMR_pipeline.py:   72: epoch [23/200], loss:0.5899
[01/14 12:17:50][INFO] MMR_pipeline.py:   72: epoch [24/200], loss:0.5608
[01/14 12:18:14][INFO] MMR_pipeline.py:   72: epoch [25/200], loss:0.5320
[01/14 12:18:37][INFO] MMR_pipeline.py:   72: epoch [26/200], loss:0.5068
[01/14 12:19:02][INFO] MMR_pipeline.py:   72: epoch [27/200], loss:0.4785
[01/14 12:19:27][INFO] MMR_pipeline.py:   72: epoch [28/200], loss:0.4511
[01/14 12:19:51][INFO] MMR_pipeline.py:   72: epoch [29/200], loss:0.4270
[01/14 12:20:16][INFO] MMR_pipeline.py:   72: epoch [30/200], loss:0.4049
[01/14 12:20:41][INFO] MMR_pipeline.py:   72: epoch [31/200], loss:0.3809
[01/14 12:21:05][INFO] MMR_pipeline.py:   72: epoch [32/200], loss:0.3619
[01/14 12:21:30][INFO] MMR_pipeline.py:   72: epoch [33/200], loss:0.3410
[01/14 12:21:53][INFO] MMR_pipeline.py:   72: epoch [34/200], loss:0.3238
[01/14 12:22:17][INFO] MMR_pipeline.py:   72: epoch [35/200], loss:0.3077
[01/14 12:22:41][INFO] MMR_pipeline.py:   72: epoch [36/200], loss:0.2935
[01/14 12:23:04][INFO] MMR_pipeline.py:   72: epoch [37/200], loss:0.2806
[01/14 12:23:28][INFO] MMR_pipeline.py:   72: epoch [38/200], loss:0.2704
[01/14 12:23:54][INFO] MMR_pipeline.py:   72: epoch [39/200], loss:0.2628
[01/14 12:24:17][INFO] MMR_pipeline.py:   72: epoch [40/200], loss:0.2556
[01/14 12:24:41][INFO] MMR_pipeline.py:   72: epoch [41/200], loss:0.2509
[01/14 12:25:05][INFO] MMR_pipeline.py:   72: epoch [42/200], loss:0.2463
[01/14 12:25:29][INFO] MMR_pipeline.py:   72: epoch [43/200], loss:0.2447
[01/14 12:25:54][INFO] MMR_pipeline.py:   72: epoch [44/200], loss:0.2412
[01/14 12:26:17][INFO] MMR_pipeline.py:   72: epoch [45/200], loss:0.2406
[01/14 12:26:42][INFO] MMR_pipeline.py:   72: epoch [46/200], loss:0.2390
[01/14 12:27:06][INFO] MMR_pipeline.py:   72: epoch [47/200], loss:0.2381
[01/14 12:27:31][INFO] MMR_pipeline.py:   72: epoch [48/200], loss:0.2382
[01/14 12:27:55][INFO] MMR_pipeline.py:   72: epoch [49/200], loss:0.2372
[01/14 12:27:55][INFO] MMR_pipeline.py:   45: current lr is 0.00098
[01/14 12:28:20][INFO] MMR_pipeline.py:   72: epoch [50/200], loss:0.2355
[01/14 12:28:44][INFO] MMR_pipeline.py:   72: epoch [51/200], loss:0.2367
[01/14 12:29:07][INFO] MMR_pipeline.py:   72: epoch [52/200], loss:0.2347
[01/14 12:29:31][INFO] MMR_pipeline.py:   72: epoch [53/200], loss:0.2332
[01/14 12:29:55][INFO] MMR_pipeline.py:   72: epoch [54/200], loss:0.2325
[01/14 12:30:19][INFO] MMR_pipeline.py:   72: epoch [55/200], loss:0.2306
[01/14 12:30:43][INFO] MMR_pipeline.py:   72: epoch [56/200], loss:0.2306
[01/14 12:31:08][INFO] MMR_pipeline.py:   72: epoch [57/200], loss:0.2283
[01/14 12:31:31][INFO] MMR_pipeline.py:   72: epoch [58/200], loss:0.2281
[01/14 12:31:56][INFO] MMR_pipeline.py:   72: epoch [59/200], loss:0.2262
[01/14 12:32:20][INFO] MMR_pipeline.py:   72: epoch [60/200], loss:0.2262
[01/14 12:32:45][INFO] MMR_pipeline.py:   72: epoch [61/200], loss:0.2244
[01/14 12:33:09][INFO] MMR_pipeline.py:   72: epoch [62/200], loss:0.2243
[01/14 12:33:33][INFO] MMR_pipeline.py:   72: epoch [63/200], loss:0.2223
[01/14 12:33:59][INFO] MMR_pipeline.py:   72: epoch [64/200], loss:0.2222
[01/14 12:34:23][INFO] MMR_pipeline.py:   72: epoch [65/200], loss:0.2210
[01/14 12:34:47][INFO] MMR_pipeline.py:   72: epoch [66/200], loss:0.2206
[01/14 12:35:12][INFO] MMR_pipeline.py:   72: epoch [67/200], loss:0.2191
[01/14 12:35:37][INFO] MMR_pipeline.py:   72: epoch [68/200], loss:0.2186
[01/14 12:36:01][INFO] MMR_pipeline.py:   72: epoch [69/200], loss:0.2184
[01/14 12:36:25][INFO] MMR_pipeline.py:   72: epoch [70/200], loss:0.2192
[01/14 12:36:49][INFO] MMR_pipeline.py:   72: epoch [71/200], loss:0.2172
[01/14 12:37:14][INFO] MMR_pipeline.py:   72: epoch [72/200], loss:0.2168
[01/14 12:37:39][INFO] MMR_pipeline.py:   72: epoch [73/200], loss:0.2161
[01/14 12:38:03][INFO] MMR_pipeline.py:   72: epoch [74/200], loss:0.2154
[01/14 12:38:27][INFO] MMR_pipeline.py:   72: epoch [75/200], loss:0.2143
[01/14 12:38:51][INFO] MMR_pipeline.py:   72: epoch [76/200], loss:0.2150
[01/14 12:39:15][INFO] MMR_pipeline.py:   72: epoch [77/200], loss:0.2133
[01/14 12:39:40][INFO] MMR_pipeline.py:   72: epoch [78/200], loss:0.2143
[01/14 12:40:03][INFO] MMR_pipeline.py:   72: epoch [79/200], loss:0.2124
[01/14 12:40:28][INFO] MMR_pipeline.py:   72: epoch [80/200], loss:0.2117
[01/14 12:40:51][INFO] MMR_pipeline.py:   72: epoch [81/200], loss:0.2123
[01/14 12:41:17][INFO] MMR_pipeline.py:   72: epoch [82/200], loss:0.2103
[01/14 12:41:40][INFO] MMR_pipeline.py:   72: epoch [83/200], loss:0.2106
[01/14 12:42:06][INFO] MMR_pipeline.py:   72: epoch [84/200], loss:0.2101
[01/14 12:42:31][INFO] MMR_pipeline.py:   72: epoch [85/200], loss:0.2105
[01/14 12:42:55][INFO] MMR_pipeline.py:   72: epoch [86/200], loss:0.2091
[01/14 12:43:20][INFO] MMR_pipeline.py:   72: epoch [87/200], loss:0.2082
[01/14 12:43:46][INFO] MMR_pipeline.py:   72: epoch [88/200], loss:0.2077
[01/14 12:44:12][INFO] MMR_pipeline.py:   72: epoch [89/200], loss:0.2076
[01/14 12:44:35][INFO] MMR_pipeline.py:   72: epoch [90/200], loss:0.2075
[01/14 12:44:59][INFO] MMR_pipeline.py:   72: epoch [91/200], loss:0.2073
[01/14 12:45:25][INFO] MMR_pipeline.py:   72: epoch [92/200], loss:0.2067
[01/14 12:45:52][INFO] MMR_pipeline.py:   72: epoch [93/200], loss:0.2057
[01/14 12:46:16][INFO] MMR_pipeline.py:   72: epoch [94/200], loss:0.2063
[01/14 12:46:41][INFO] MMR_pipeline.py:   72: epoch [95/200], loss:0.2049
[01/14 12:47:05][INFO] MMR_pipeline.py:   72: epoch [96/200], loss:0.2046
[01/14 12:47:28][INFO] MMR_pipeline.py:   72: epoch [97/200], loss:0.2041
[01/14 12:47:52][INFO] MMR_pipeline.py:   72: epoch [98/200], loss:0.2048
[01/14 12:48:16][INFO] MMR_pipeline.py:   72: epoch [99/200], loss:0.2038
[01/14 12:48:16][INFO] MMR_pipeline.py:   45: current lr is 0.00100
[01/14 12:48:41][INFO] MMR_pipeline.py:   72: epoch [100/200], loss:0.2036
[01/14 12:49:05][INFO] MMR_pipeline.py:   72: epoch [101/200], loss:0.2033
[01/14 12:49:30][INFO] MMR_pipeline.py:   72: epoch [102/200], loss:0.2024
[01/14 12:49:55][INFO] MMR_pipeline.py:   72: epoch [103/200], loss:0.2028
[01/14 12:50:18][INFO] MMR_pipeline.py:   72: epoch [104/200], loss:0.2024
[01/14 12:50:42][INFO] MMR_pipeline.py:   72: epoch [105/200], loss:0.2016
[01/14 12:51:06][INFO] MMR_pipeline.py:   72: epoch [106/200], loss:0.2017
[01/14 12:51:30][INFO] MMR_pipeline.py:   72: epoch [107/200], loss:0.2010
[01/14 12:51:54][INFO] MMR_pipeline.py:   72: epoch [108/200], loss:0.2007
[01/14 12:52:18][INFO] MMR_pipeline.py:   72: epoch [109/200], loss:0.2005
[01/14 12:52:42][INFO] MMR_pipeline.py:   72: epoch [110/200], loss:0.2001
[01/14 12:53:07][INFO] MMR_pipeline.py:   72: epoch [111/200], loss:0.1997
[01/14 12:53:31][INFO] MMR_pipeline.py:   72: epoch [112/200], loss:0.1988
[01/14 12:53:55][INFO] MMR_pipeline.py:   72: epoch [113/200], loss:0.1997
[01/14 12:54:20][INFO] MMR_pipeline.py:   72: epoch [114/200], loss:0.1986
[01/14 12:54:44][INFO] MMR_pipeline.py:   72: epoch [115/200], loss:0.1983
[01/14 12:55:08][INFO] MMR_pipeline.py:   72: epoch [116/200], loss:0.1987
[01/14 12:55:32][INFO] MMR_pipeline.py:   72: epoch [117/200], loss:0.1982
[01/14 12:55:56][INFO] MMR_pipeline.py:   72: epoch [118/200], loss:0.1972
[01/14 12:56:21][INFO] MMR_pipeline.py:   72: epoch [119/200], loss:0.1977
[01/14 12:56:45][INFO] MMR_pipeline.py:   72: epoch [120/200], loss:0.1926
[01/14 12:57:08][INFO] MMR_pipeline.py:   72: epoch [121/200], loss:0.1896
[01/14 12:57:32][INFO] MMR_pipeline.py:   72: epoch [122/200], loss:0.1879
[01/14 12:57:55][INFO] MMR_pipeline.py:   72: epoch [123/200], loss:0.1873
[01/14 12:58:20][INFO] MMR_pipeline.py:   72: epoch [124/200], loss:0.1859
[01/14 12:58:44][INFO] MMR_pipeline.py:   72: epoch [125/200], loss:0.1863
[01/14 12:59:10][INFO] MMR_pipeline.py:   72: epoch [126/200], loss:0.1852
[01/14 12:59:32][INFO] MMR_pipeline.py:   72: epoch [127/200], loss:0.1849
[01/14 12:59:51][INFO] MMR_pipeline.py:   72: epoch [128/200], loss:0.1849
[01/14 13:00:13][INFO] MMR_pipeline.py:   72: epoch [129/200], loss:0.1846
[01/14 13:00:38][INFO] MMR_pipeline.py:   72: epoch [130/200], loss:0.1853
[01/14 13:01:02][INFO] MMR_pipeline.py:   72: epoch [131/200], loss:0.1837
[01/14 13:01:26][INFO] MMR_pipeline.py:   72: epoch [132/200], loss:0.1839
[01/14 13:01:50][INFO] MMR_pipeline.py:   72: epoch [133/200], loss:0.1837
[01/14 13:02:14][INFO] MMR_pipeline.py:   72: epoch [134/200], loss:0.1835
[01/14 13:02:37][INFO] MMR_pipeline.py:   72: epoch [135/200], loss:0.1844
[01/14 13:03:02][INFO] MMR_pipeline.py:   72: epoch [136/200], loss:0.1840
[01/14 13:03:27][INFO] MMR_pipeline.py:   72: epoch [137/200], loss:0.1827
[01/14 13:03:51][INFO] MMR_pipeline.py:   72: epoch [138/200], loss:0.1835
[01/14 13:04:14][INFO] MMR_pipeline.py:   72: epoch [139/200], loss:0.1829
[01/14 13:04:39][INFO] MMR_pipeline.py:   72: epoch [140/200], loss:0.1832
[01/14 13:05:03][INFO] MMR_pipeline.py:   72: epoch [141/200], loss:0.1828
[01/14 13:05:26][INFO] MMR_pipeline.py:   72: epoch [142/200], loss:0.1825
[01/14 13:05:50][INFO] MMR_pipeline.py:   72: epoch [143/200], loss:0.1821
[01/14 13:06:15][INFO] MMR_pipeline.py:   72: epoch [144/200], loss:0.1822
[01/14 13:06:41][INFO] MMR_pipeline.py:   72: epoch [145/200], loss:0.1822
[01/14 13:07:06][INFO] MMR_pipeline.py:   72: epoch [146/200], loss:0.1823
[01/14 13:07:30][INFO] MMR_pipeline.py:   72: epoch [147/200], loss:0.1815
[01/14 13:07:54][INFO] MMR_pipeline.py:   72: epoch [148/200], loss:0.1826
