[01/14 01:18:50][INFO] main.py:   26: CfgNode({'NUM_GPUS': 1, 'RNG_SEED': 54, 'OUTPUT_DIR': './log_MMR_AeBAD_S_54', 'DATASET': CfgNode({'name': 'aebad_S', 'subdatasets': ['AeBAD_S'], 'resize': 256, 'imagesize': 224, 'domain_shift_category': 'same'}), 'TRAIN': CfgNode({'enable': True, 'save_model': True, 'method': 'MMR', 'backbone': 'wideresnet50', 'dataset_path': '/home/rvce/Downloads/aircraft/AeBAD', 'MMR': CfgNode({'DA_low_limit': 0.7, 'DA_up_limit': 1.0, 'layers_to_extract_from': ['layer1', 'layer2', 'layer3'], 'feature_compression': False, 'scale_factors': (4.0, 2.0, 1.0), 'FPN_output_dim': (256, 512, 1024), 'load_pretrain_model': True, 'model_chkpt': '/home/rvce/Downloads/aircraft/mae_visualize_vit_base.pth', 'finetune_mask_ratio': 0.4, 'test_mask_ratio': 0.0})}), 'TRAIN_SETUPS': CfgNode({'batch_size': 16, 'num_workers': 8, 'learning_rate': 0.001, 'epochs': 200, 'weight_decay': 0.05, 'warmup_epochs': 50}), 'TEST': CfgNode({'enable': True, 'method': 'MMR', 'save_segmentation_images': True, 'save_video_segmentation_images': False, 'dataset_path': '/home/rvce/Downloads/aircraft/AeBAD', 'VISUALIZE': CfgNode({'Random_sample': True, 'Sample_num': 40}), 'pixel_mode_verify': True}), 'TEST_SETUPS': CfgNode({'batch_size': 32})})
[01/14 01:18:50][INFO] main.py:   27: path_to_config is method_config/AeBAD_S/MMR.yaml
[01/14 01:18:50][INFO] main.py:   31: start training!
[01/14 01:18:50][INFO] train.py:   45: load dataset!
[01/14 01:18:50][INFO] train.py:   73: current individual_dataloader is aebad_S_AeBAD_S.
[01/14 01:18:50][INFO] train.py:   74: the data in current individual_dataloader aebad_S_AeBAD_S are 521.
[01/14 01:18:57][INFO] train.py:   91: train the decoder FPN of MMR from scratch!
[01/14 01:18:57][INFO] train.py:   94: MAE load meg: _IncompatibleKeys(missing_keys=['decoder_FPN_mask_token', 'decoder_FPN_pos_embed', 'simfp_2.0.weight', 'simfp_2.0.bias', 'simfp_2.1.weight', 'simfp_2.1.bias', 'simfp_2.3.weight', 'simfp_2.3.bias', 'simfp_2.4.weight', 'simfp_2.4.norm.weight', 'simfp_2.4.norm.bias', 'simfp_2.5.weight', 'simfp_2.5.norm.weight', 'simfp_2.5.norm.bias', 'simfp_3.0.weight', 'simfp_3.0.bias', 'simfp_3.1.weight', 'simfp_3.1.norm.weight', 'simfp_3.1.norm.bias', 'simfp_3.2.weight', 'simfp_3.2.norm.weight', 'simfp_3.2.norm.bias', 'simfp_4.0.weight', 'simfp_4.0.norm.weight', 'simfp_4.0.norm.bias', 'simfp_4.1.weight', 'simfp_4.1.norm.weight', 'simfp_4.1.norm.bias'], unexpected_keys=[])
[01/14 01:19:19][INFO] MMR_pipeline.py:   72: epoch [1/200], loss:3.0125
[01/14 01:19:45][INFO] MMR_pipeline.py:   72: epoch [2/200], loss:2.0445
[01/14 01:20:12][INFO] MMR_pipeline.py:   72: epoch [3/200], loss:1.4564
[01/14 01:20:37][INFO] MMR_pipeline.py:   72: epoch [4/200], loss:1.3426
[01/14 01:21:03][INFO] MMR_pipeline.py:   72: epoch [5/200], loss:1.2527
[01/14 01:21:28][INFO] MMR_pipeline.py:   72: epoch [6/200], loss:1.1756
[01/14 01:21:53][INFO] MMR_pipeline.py:   72: epoch [7/200], loss:1.1181
[01/14 01:22:19][INFO] MMR_pipeline.py:   72: epoch [8/200], loss:1.0704
[01/14 01:22:44][INFO] MMR_pipeline.py:   72: epoch [9/200], loss:1.0285
[01/14 01:23:08][INFO] MMR_pipeline.py:   72: epoch [10/200], loss:0.9921
[01/14 01:23:34][INFO] MMR_pipeline.py:   72: epoch [11/200], loss:0.9593
[01/14 01:24:00][INFO] MMR_pipeline.py:   72: epoch [12/200], loss:0.9264
[01/14 01:24:25][INFO] MMR_pipeline.py:   72: epoch [13/200], loss:0.8939
[01/14 01:24:52][INFO] MMR_pipeline.py:   72: epoch [14/200], loss:0.8627
[01/14 01:25:16][INFO] MMR_pipeline.py:   72: epoch [15/200], loss:0.8308
[01/14 01:25:42][INFO] MMR_pipeline.py:   72: epoch [16/200], loss:0.8001
[01/14 01:26:07][INFO] MMR_pipeline.py:   72: epoch [17/200], loss:0.7698
[01/14 01:26:33][INFO] MMR_pipeline.py:   72: epoch [18/200], loss:0.7391
[01/14 01:26:59][INFO] MMR_pipeline.py:   72: epoch [19/200], loss:0.7083
[01/14 01:27:24][INFO] MMR_pipeline.py:   72: epoch [20/200], loss:0.6795
[01/14 01:27:49][INFO] MMR_pipeline.py:   72: epoch [21/200], loss:0.6485
[01/14 01:28:15][INFO] MMR_pipeline.py:   72: epoch [22/200], loss:0.6190
[01/14 01:28:42][INFO] MMR_pipeline.py:   72: epoch [23/200], loss:0.5899
[01/14 01:29:08][INFO] MMR_pipeline.py:   72: epoch [24/200], loss:0.5608
[01/14 01:29:34][INFO] MMR_pipeline.py:   72: epoch [25/200], loss:0.5319
[01/14 01:30:01][INFO] MMR_pipeline.py:   72: epoch [26/200], loss:0.5066
[01/14 01:30:27][INFO] MMR_pipeline.py:   72: epoch [27/200], loss:0.4784
[01/14 01:30:51][INFO] MMR_pipeline.py:   72: epoch [28/200], loss:0.4514
[01/14 01:31:16][INFO] MMR_pipeline.py:   72: epoch [29/200], loss:0.4273
[01/14 01:31:41][INFO] MMR_pipeline.py:   72: epoch [30/200], loss:0.4045
[01/14 01:32:09][INFO] MMR_pipeline.py:   72: epoch [31/200], loss:0.3812
[01/14 01:32:35][INFO] MMR_pipeline.py:   72: epoch [32/200], loss:0.3615
[01/14 01:33:00][INFO] MMR_pipeline.py:   72: epoch [33/200], loss:0.3412
[01/14 01:33:25][INFO] MMR_pipeline.py:   72: epoch [34/200], loss:0.3243
[01/14 01:33:52][INFO] MMR_pipeline.py:   72: epoch [35/200], loss:0.3077
[01/14 01:34:17][INFO] MMR_pipeline.py:   72: epoch [36/200], loss:0.2931
[01/14 01:34:42][INFO] MMR_pipeline.py:   72: epoch [37/200], loss:0.2812
[01/14 01:35:08][INFO] MMR_pipeline.py:   72: epoch [38/200], loss:0.2708
[01/14 01:35:33][INFO] MMR_pipeline.py:   72: epoch [39/200], loss:0.2621
[01/14 01:35:58][INFO] MMR_pipeline.py:   72: epoch [40/200], loss:0.2561
[01/14 01:36:22][INFO] MMR_pipeline.py:   72: epoch [41/200], loss:0.2509
[01/14 01:36:46][INFO] MMR_pipeline.py:   72: epoch [42/200], loss:0.2460
[01/14 01:37:13][INFO] MMR_pipeline.py:   72: epoch [43/200], loss:0.2442
[01/14 01:37:37][INFO] MMR_pipeline.py:   72: epoch [44/200], loss:0.2413
[01/14 01:38:02][INFO] MMR_pipeline.py:   72: epoch [45/200], loss:0.2407
[01/14 01:38:26][INFO] MMR_pipeline.py:   72: epoch [46/200], loss:0.2393
[01/14 01:38:52][INFO] MMR_pipeline.py:   72: epoch [47/200], loss:0.2382
[01/14 01:39:17][INFO] MMR_pipeline.py:   72: epoch [48/200], loss:0.2378
[01/14 01:39:44][INFO] MMR_pipeline.py:   72: epoch [49/200], loss:0.2375
[01/14 01:39:44][INFO] MMR_pipeline.py:   45: current lr is 0.00098
[01/14 01:40:10][INFO] MMR_pipeline.py:   72: epoch [50/200], loss:0.2356
[01/14 01:40:36][INFO] MMR_pipeline.py:   72: epoch [51/200], loss:0.2365
[01/14 01:41:01][INFO] MMR_pipeline.py:   72: epoch [52/200], loss:0.2342
[01/14 01:41:28][INFO] MMR_pipeline.py:   72: epoch [53/200], loss:0.2331
[01/14 01:41:53][INFO] MMR_pipeline.py:   72: epoch [54/200], loss:0.2326
[01/14 01:42:19][INFO] MMR_pipeline.py:   72: epoch [55/200], loss:0.2312
[01/14 01:42:44][INFO] MMR_pipeline.py:   72: epoch [56/200], loss:0.2317
[01/14 01:43:08][INFO] MMR_pipeline.py:   72: epoch [57/200], loss:0.2282
[01/14 01:43:32][INFO] MMR_pipeline.py:   72: epoch [58/200], loss:0.2275
[01/14 01:43:57][INFO] MMR_pipeline.py:   72: epoch [59/200], loss:0.2266
[01/14 01:44:21][INFO] MMR_pipeline.py:   72: epoch [60/200], loss:0.2265
[01/14 01:44:46][INFO] MMR_pipeline.py:   72: epoch [61/200], loss:0.2248
[01/14 01:45:11][INFO] MMR_pipeline.py:   72: epoch [62/200], loss:0.2243
[01/14 01:45:36][INFO] MMR_pipeline.py:   72: epoch [63/200], loss:0.2223
[01/14 01:46:03][INFO] MMR_pipeline.py:   72: epoch [64/200], loss:0.2221
[01/14 01:46:28][INFO] MMR_pipeline.py:   72: epoch [65/200], loss:0.2208
[01/14 01:46:52][INFO] MMR_pipeline.py:   72: epoch [66/200], loss:0.2208
[01/14 01:47:17][INFO] MMR_pipeline.py:   72: epoch [67/200], loss:0.2193
[01/14 01:47:42][INFO] MMR_pipeline.py:   72: epoch [68/200], loss:0.2189
[01/14 01:48:07][INFO] MMR_pipeline.py:   72: epoch [69/200], loss:0.2183
[01/14 01:48:30][INFO] MMR_pipeline.py:   72: epoch [70/200], loss:0.2193
[01/14 01:48:55][INFO] MMR_pipeline.py:   72: epoch [71/200], loss:0.2173
[01/14 01:49:20][INFO] MMR_pipeline.py:   72: epoch [72/200], loss:0.2166
[01/14 01:49:46][INFO] MMR_pipeline.py:   72: epoch [73/200], loss:0.2161
[01/14 01:50:11][INFO] MMR_pipeline.py:   72: epoch [74/200], loss:0.2156
[01/14 01:50:37][INFO] MMR_pipeline.py:   72: epoch [75/200], loss:0.2143
[01/14 01:51:03][INFO] MMR_pipeline.py:   72: epoch [76/200], loss:0.2153
[01/14 01:51:27][INFO] MMR_pipeline.py:   72: epoch [77/200], loss:0.2136
[01/14 01:51:52][INFO] MMR_pipeline.py:   72: epoch [78/200], loss:0.2141
[01/14 01:52:15][INFO] MMR_pipeline.py:   72: epoch [79/200], loss:0.2123
[01/14 01:52:40][INFO] MMR_pipeline.py:   72: epoch [80/200], loss:0.2116
[01/14 01:53:04][INFO] MMR_pipeline.py:   72: epoch [81/200], loss:0.2123
[01/14 01:53:29][INFO] MMR_pipeline.py:   72: epoch [82/200], loss:0.2103
[01/14 01:53:54][INFO] MMR_pipeline.py:   72: epoch [83/200], loss:0.2103
[01/14 01:54:20][INFO] MMR_pipeline.py:   72: epoch [84/200], loss:0.2100
[01/14 01:54:46][INFO] MMR_pipeline.py:   72: epoch [85/200], loss:0.2107
[01/14 01:55:11][INFO] MMR_pipeline.py:   72: epoch [86/200], loss:0.2091
[01/14 01:55:37][INFO] MMR_pipeline.py:   72: epoch [87/200], loss:0.2083
[01/14 01:56:02][INFO] MMR_pipeline.py:   72: epoch [88/200], loss:0.2079
[01/14 01:56:29][INFO] MMR_pipeline.py:   72: epoch [89/200], loss:0.2074
[01/14 01:56:54][INFO] MMR_pipeline.py:   72: epoch [90/200], loss:0.2075
[01/14 01:57:18][INFO] MMR_pipeline.py:   72: epoch [91/200], loss:0.2074
[01/14 01:57:44][INFO] MMR_pipeline.py:   72: epoch [92/200], loss:0.2067
[01/14 01:58:11][INFO] MMR_pipeline.py:   72: epoch [93/200], loss:0.2057
[01/14 01:58:36][INFO] MMR_pipeline.py:   72: epoch [94/200], loss:0.2063
[01/14 01:59:01][INFO] MMR_pipeline.py:   72: epoch [95/200], loss:0.2049
[01/14 01:59:26][INFO] MMR_pipeline.py:   72: epoch [96/200], loss:0.2046
[01/14 01:59:52][INFO] MMR_pipeline.py:   72: epoch [97/200], loss:0.2041
[01/14 02:00:17][INFO] MMR_pipeline.py:   72: epoch [98/200], loss:0.2050
[01/14 02:00:43][INFO] MMR_pipeline.py:   72: epoch [99/200], loss:0.2040
[01/14 02:00:43][INFO] MMR_pipeline.py:   45: current lr is 0.00100
[01/14 02:01:07][INFO] MMR_pipeline.py:   72: epoch [100/200], loss:0.2037
[01/14 02:01:33][INFO] MMR_pipeline.py:   72: epoch [101/200], loss:0.2035
[01/14 02:01:57][INFO] MMR_pipeline.py:   72: epoch [102/200], loss:0.2021
[01/14 02:02:23][INFO] MMR_pipeline.py:   72: epoch [103/200], loss:0.2028
[01/14 02:02:48][INFO] MMR_pipeline.py:   72: epoch [104/200], loss:0.2023
[01/14 02:03:15][INFO] MMR_pipeline.py:   72: epoch [105/200], loss:0.2016
[01/14 02:03:40][INFO] MMR_pipeline.py:   72: epoch [106/200], loss:0.2015
[01/14 02:04:05][INFO] MMR_pipeline.py:   72: epoch [107/200], loss:0.2010
[01/14 02:04:30][INFO] MMR_pipeline.py:   72: epoch [108/200], loss:0.2009
[01/14 02:04:57][INFO] MMR_pipeline.py:   72: epoch [109/200], loss:0.2004
[01/14 02:05:21][INFO] MMR_pipeline.py:   72: epoch [110/200], loss:0.2002
[01/14 02:05:46][INFO] MMR_pipeline.py:   72: epoch [111/200], loss:0.1996
[01/14 02:06:12][INFO] MMR_pipeline.py:   72: epoch [112/200], loss:0.1990
[01/14 02:06:36][INFO] MMR_pipeline.py:   72: epoch [113/200], loss:0.1995
[01/14 02:07:02][INFO] MMR_pipeline.py:   72: epoch [114/200], loss:0.1986
[01/14 02:07:28][INFO] MMR_pipeline.py:   72: epoch [115/200], loss:0.1983
[01/14 02:07:52][INFO] MMR_pipeline.py:   72: epoch [116/200], loss:0.1989
[01/14 02:08:16][INFO] MMR_pipeline.py:   72: epoch [117/200], loss:0.1982
[01/14 02:08:41][INFO] MMR_pipeline.py:   72: epoch [118/200], loss:0.1970
[01/14 02:09:06][INFO] MMR_pipeline.py:   72: epoch [119/200], loss:0.1977
[01/14 02:09:30][INFO] MMR_pipeline.py:   72: epoch [120/200], loss:0.1926
[01/14 02:09:56][INFO] MMR_pipeline.py:   72: epoch [121/200], loss:0.1896
[01/14 02:10:20][INFO] MMR_pipeline.py:   72: epoch [122/200], loss:0.1879
[01/14 02:10:45][INFO] MMR_pipeline.py:   72: epoch [123/200], loss:0.1873
[01/14 02:11:10][INFO] MMR_pipeline.py:   72: epoch [124/200], loss:0.1858
[01/14 02:11:37][INFO] MMR_pipeline.py:   72: epoch [125/200], loss:0.1863
[01/14 02:12:03][INFO] MMR_pipeline.py:   72: epoch [126/200], loss:0.1852
[01/14 02:12:28][INFO] MMR_pipeline.py:   72: epoch [127/200], loss:0.1849
[01/14 02:12:54][INFO] MMR_pipeline.py:   72: epoch [128/200], loss:0.1849
[01/14 02:13:19][INFO] MMR_pipeline.py:   72: epoch [129/200], loss:0.1846
[01/14 02:13:44][INFO] MMR_pipeline.py:   72: epoch [130/200], loss:0.1853
[01/14 02:14:11][INFO] MMR_pipeline.py:   72: epoch [131/200], loss:0.1837
[01/14 02:14:34][INFO] MMR_pipeline.py:   72: epoch [132/200], loss:0.1839
[01/14 02:14:59][INFO] MMR_pipeline.py:   72: epoch [133/200], loss:0.1837
[01/14 02:15:24][INFO] MMR_pipeline.py:   72: epoch [134/200], loss:0.1835
[01/14 02:15:49][INFO] MMR_pipeline.py:   72: epoch [135/200], loss:0.1844
[01/14 02:16:15][INFO] MMR_pipeline.py:   72: epoch [136/200], loss:0.1840
[01/14 02:16:41][INFO] MMR_pipeline.py:   72: epoch [137/200], loss:0.1827
[01/14 02:17:06][INFO] MMR_pipeline.py:   72: epoch [138/200], loss:0.1835
[01/14 02:17:32][INFO] MMR_pipeline.py:   72: epoch [139/200], loss:0.1829
[01/14 02:17:57][INFO] MMR_pipeline.py:   72: epoch [140/200], loss:0.1831
[01/14 02:18:21][INFO] MMR_pipeline.py:   72: epoch [141/200], loss:0.1828
[01/14 02:18:47][INFO] MMR_pipeline.py:   72: epoch [142/200], loss:0.1826
[01/14 02:19:11][INFO] MMR_pipeline.py:   72: epoch [143/200], loss:0.1821
[01/14 02:19:37][INFO] MMR_pipeline.py:   72: epoch [144/200], loss:0.1822
[01/14 02:20:01][INFO] MMR_pipeline.py:   72: epoch [145/200], loss:0.1823
[01/14 02:20:27][INFO] MMR_pipeline.py:   72: epoch [146/200], loss:0.1823
[01/14 02:20:51][INFO] MMR_pipeline.py:   72: epoch [147/200], loss:0.1816
[01/14 02:21:17][INFO] MMR_pipeline.py:   72: epoch [148/200], loss:0.1826
[01/14 02:21:42][INFO] MMR_pipeline.py:   72: epoch [149/200], loss:0.1815
[01/14 02:21:42][INFO] MMR_pipeline.py:   45: current lr is 0.00010
[01/14 02:22:07][INFO] MMR_pipeline.py:   72: epoch [150/200], loss:0.1816
[01/14 02:22:34][INFO] MMR_pipeline.py:   72: epoch [151/200], loss:0.1819
[01/14 02:22:58][INFO] MMR_pipeline.py:   72: epoch [152/200], loss:0.1816
[01/14 02:23:22][INFO] MMR_pipeline.py:   72: epoch [153/200], loss:0.1815
[01/14 02:23:48][INFO] MMR_pipeline.py:   72: epoch [154/200], loss:0.1819
[01/14 02:24:13][INFO] MMR_pipeline.py:   72: epoch [155/200], loss:0.1811
[01/14 02:24:38][INFO] MMR_pipeline.py:   72: epoch [156/200], loss:0.1811
[01/14 02:25:03][INFO] MMR_pipeline.py:   72: epoch [157/200], loss:0.1811
[01/14 02:25:28][INFO] MMR_pipeline.py:   72: epoch [158/200], loss:0.1809
[01/14 02:25:53][INFO] MMR_pipeline.py:   72: epoch [159/200], loss:0.1811
[01/14 02:26:19][INFO] MMR_pipeline.py:   72: epoch [160/200], loss:0.1802
[01/14 02:26:44][INFO] MMR_pipeline.py:   72: epoch [161/200], loss:0.1801
[01/14 02:27:08][INFO] MMR_pipeline.py:   72: epoch [162/200], loss:0.1804
[01/14 02:27:34][INFO] MMR_pipeline.py:   72: epoch [163/200], loss:0.1807
[01/14 02:28:00][INFO] MMR_pipeline.py:   72: epoch [164/200], loss:0.1810
[01/14 02:28:26][INFO] MMR_pipeline.py:   72: epoch [165/200], loss:0.1795
[01/14 02:28:51][INFO] MMR_pipeline.py:   72: epoch [166/200], loss:0.1801
[01/14 02:29:15][INFO] MMR_pipeline.py:   72: epoch [167/200], loss:0.1801
[01/14 02:29:41][INFO] MMR_pipeline.py:   72: epoch [168/200], loss:0.1803
[01/14 02:30:07][INFO] MMR_pipeline.py:   72: epoch [169/200], loss:0.1800
[01/14 02:30:31][INFO] MMR_pipeline.py:   72: epoch [170/200], loss:0.1796
[01/14 02:30:57][INFO] MMR_pipeline.py:   72: epoch [171/200], loss:0.1804
[01/14 02:31:22][INFO] MMR_pipeline.py:   72: epoch [172/200], loss:0.1799
[01/14 02:31:48][INFO] MMR_pipeline.py:   72: epoch [173/200], loss:0.1803
[01/14 02:32:15][INFO] MMR_pipeline.py:   72: epoch [174/200], loss:0.1800
[01/14 02:32:41][INFO] MMR_pipeline.py:   72: epoch [175/200], loss:0.1793
[01/14 02:33:07][INFO] MMR_pipeline.py:   72: epoch [176/200], loss:0.1795
[01/14 02:33:32][INFO] MMR_pipeline.py:   72: epoch [177/200], loss:0.1798
[01/14 02:33:58][INFO] MMR_pipeline.py:   72: epoch [178/200], loss:0.1796
[01/14 02:34:23][INFO] MMR_pipeline.py:   72: epoch [179/200], loss:0.1800
[01/14 02:34:47][INFO] MMR_pipeline.py:   72: epoch [180/200], loss:0.1795
[01/14 02:35:13][INFO] MMR_pipeline.py:   72: epoch [181/200], loss:0.1795
[01/14 02:35:37][INFO] MMR_pipeline.py:   72: epoch [182/200], loss:0.1795
[01/14 02:36:02][INFO] MMR_pipeline.py:   72: epoch [183/200], loss:0.1792
[01/14 02:36:27][INFO] MMR_pipeline.py:   72: epoch [184/200], loss:0.1788
[01/14 02:36:51][INFO] MMR_pipeline.py:   72: epoch [185/200], loss:0.1793
[01/14 02:37:17][INFO] MMR_pipeline.py:   72: epoch [186/200], loss:0.1793
[01/14 02:37:42][INFO] MMR_pipeline.py:   72: epoch [187/200], loss:0.1796
[01/14 02:38:07][INFO] MMR_pipeline.py:   72: epoch [188/200], loss:0.1796
[01/14 02:38:32][INFO] MMR_pipeline.py:   72: epoch [189/200], loss:0.1798
[01/14 02:38:58][INFO] MMR_pipeline.py:   72: epoch [190/200], loss:0.1795
[01/14 02:39:22][INFO] MMR_pipeline.py:   72: epoch [191/200], loss:0.1793
[01/14 02:39:47][INFO] MMR_pipeline.py:   72: epoch [192/200], loss:0.1800
[01/14 02:40:11][INFO] MMR_pipeline.py:   72: epoch [193/200], loss:0.1798
[01/14 02:40:37][INFO] MMR_pipeline.py:   72: epoch [194/200], loss:0.1794
[01/14 02:41:02][INFO] MMR_pipeline.py:   72: epoch [195/200], loss:0.1801
[01/14 02:41:27][INFO] MMR_pipeline.py:   72: epoch [196/200], loss:0.1792
[01/14 02:41:51][INFO] MMR_pipeline.py:   72: epoch [197/200], loss:0.1796
[01/14 02:42:18][INFO] MMR_pipeline.py:   72: epoch [198/200], loss:0.1793
[01/14 02:42:43][INFO] MMR_pipeline.py:   72: epoch [199/200], loss:0.1792
[01/14 02:42:43][INFO] MMR_pipeline.py:   45: current lr is 0.00001
[01/14 02:43:07][INFO] MMR_pipeline.py:   72: epoch [200/200], loss:0.1790
